<?xml version="1.0" encoding="UTF-8"?>
<!-- Generated by org.testng.reporters.JUnitReportReporter -->
<testsuite hostname="LAPTOP-IFFP6P5H" failures="0" tests="1" name="DemoPFactory.CreateNewUser" time="7.193" errors="0" timestamp="2023-05-31T17:16:00 IST" skipped="0">
  <testcase classname="DemoPFactory.CreateNewUser" name="register" time="7.193"/>
  <system-out/>
</testsuite> <!-- DemoPFactory.CreateNewUser -->
