<?xml version="1.0" encoding="UTF-8"?>
<!-- Generated by org.testng.reporters.JUnitReportReporter -->
<testsuite hostname="LAPTOP-IFFP6P5H" failures="0" tests="1" name="day4.FileDownload" time="9.659" errors="0" timestamp="2023-05-31T15:26:59 IST" skipped="0">
  <testcase classname="day4.FileDownload" name="fileUpload" time="9.659"/>
  <system-out/>
</testsuite> <!-- day4.FileDownload -->
