<?xml version="1.0" encoding="UTF-8"?>
<!-- Generated by org.testng.reporters.JUnitReportReporter -->
<testsuite hostname="LAPTOP-IFFP6P5H" failures="0" tests="1" name="day5.YoutubeSongPlaying" time="23.930" errors="0" timestamp="2023-05-31T17:00:47 IST" skipped="0">
  <testcase classname="day5.YoutubeSongPlaying" name="weekndSong" time="23.930"/>
  <system-out/>
</testsuite> <!-- day5.YoutubeSongPlaying -->
