<?xml version="1.0" encoding="UTF-8"?>
<!-- Generated by org.testng.reporters.JUnitReportReporter -->
<testsuite hostname="LAPTOP-IFFP6P5H" failures="0" tests="1" name="day4.MantisProgram" time="15.186" errors="0" timestamp="2023-05-31T15:28:10 IST" skipped="0">
  <testcase classname="day4.MantisProgram" name="demoMantis" time="15.186"/>
  <system-out/>
</testsuite> <!-- day4.MantisProgram -->
