<?xml version="1.0" encoding="UTF-8"?>
<!-- Generated by org.testng.reporters.JUnitReportReporter -->
<testsuite hostname="LAPTOP-IFFP6P5H" failures="0" tests="2" name="day4.DemoPractice" time="72.765" errors="0" timestamp="2023-05-10T18:23:24 IST" skipped="0">
  <testcase classname="day4.DemoPractice" name="webtablehandling" time="68.541"/>
  <system-out/>
  <testcase classname="day4.DemoPractice" name="toolTip" time="4.224"/>
  <system-out/>
</testsuite> <!-- day4.DemoPractice -->
