<?xml version="1.0" encoding="UTF-8"?>
<!-- Generated by org.testng.reporters.JUnitReportReporter -->
<testsuite hostname="LAPTOP-IFFP6P5H" failures="0" tests="1" name="day4.DemoPractice" time="5.065" errors="0" timestamp="2023-05-10T16:45:10 IST" skipped="0">
  <testcase classname="day4.DemoPractice" name="toolTip" time="5.065"/>
  <system-out/>
</testsuite> <!-- day4.DemoPractice -->
