<?xml version="1.0" encoding="UTF-8"?>
<!-- Generated by org.testng.reporters.JUnitReportReporter -->
<testsuite hostname="LAPTOP-IFFP6P5H" failures="0" tests="1" name="day2.CheckboxOperation" time="5.502" errors="0" timestamp="2023-05-31T15:05:16 IST" skipped="0">
  <testcase classname="day2.CheckboxOperation" name="clickingMultipleCheckBox" time="5.502"/>
  <system-out/>
</testsuite> <!-- day2.CheckboxOperation -->
