<?xml version="1.0" encoding="UTF-8"?>
<!-- Generated by org.testng.reporters.JUnitReportReporter -->
<testsuite hostname="LAPTOP-IFFP6P5H" failures="0" tests="1" name="day2.DemoDragDrop" time="36.271" errors="0" timestamp="2023-05-31T15:07:19 IST" skipped="0">
  <testcase classname="day2.DemoDragDrop" name="dragAndDrop" time="36.271"/>
  <system-out/>
</testsuite> <!-- day2.DemoDragDrop -->
