<?xml version="1.0" encoding="UTF-8"?>
<!-- Generated by org.testng.reporters.JUnitReportReporter -->
<testsuite hostname="LAPTOP-IFFP6P5H" failures="0" tests="1" name="day5.DiffernentJSECommand" time="2.061" errors="0" timestamp="2023-05-31T16:58:35 IST" skipped="0">
  <testcase classname="day5.DiffernentJSECommand" name="differentCommand" time="2.061"/>
  <system-out/>
</testsuite> <!-- day5.DiffernentJSECommand -->
