<?xml version="1.0" encoding="UTF-8"?>
<!-- Generated by org.testng.reporters.JUnitReportReporter -->
<testsuite hostname="LAPTOP-IFFP6P5H" failures="0" tests="1" name="day4.AmazonIframe" time="9.590" errors="0" timestamp="2023-05-31T15:21:30 IST" skipped="0">
  <testcase classname="day4.AmazonIframe" name="iframeTesting" time="9.590"/>
  <system-out/>
</testsuite> <!-- day4.AmazonIframe -->
