<?xml version="1.0" encoding="UTF-8"?>
<!-- Generated by org.testng.reporters.JUnitReportReporter -->
<testsuite hostname="LAPTOP-IFFP6P5H" failures="0" tests="1" name="day1.BasicAuth" time="9.149" errors="0" timestamp="2023-03-08T11:30:43 IST" skipped="0">
  <testcase classname="day1.BasicAuth" name="basicAuth" time="9.149"/>
  <system-out/>
</testsuite> <!-- day1.BasicAuth -->
