<?xml version="1.0" encoding="UTF-8"?>
<!-- Generated by org.testng.reporters.JUnitReportReporter -->
<testsuite hostname="LAPTOP-IFFP6P5H" failures="0" tests="5" name="day5.DemoDataProviderWithExcel" time="0.177" errors="0" timestamp="2023-05-31T16:54:12 IST" skipped="0">
  <testcase classname="day5.DemoDataProviderWithExcel" name="printData" time="0.011"/>
  <system-out/>
  <testcase classname="day5.DemoDataProviderWithExcel" name="printData" time="0.011"/>
  <system-out/>
  <testcase classname="day5.DemoDataProviderWithExcel" name="printData" time="0.028"/>
  <system-out/>
  <testcase classname="day5.DemoDataProviderWithExcel" name="printData" time="0.118"/>
  <system-out/>
  <testcase classname="day5.DemoDataProviderWithExcel" name="printData" time="0.009"/>
  <system-out/>
</testsuite> <!-- day5.DemoDataProviderWithExcel -->
