<?xml version="1.0" encoding="UTF-8"?>
<!-- Generated by org.testng.reporters.JUnitReportReporter -->
<testsuite hostname="LAPTOP-IFFP6P5H" failures="0" tests="1" name="day4.DemoPractice" time="11.463" errors="0" timestamp="2023-05-22T14:47:41 IST" skipped="0">
  <testcase classname="day4.DemoPractice" name="handlingttable" time="11.463"/>
  <system-out/>
</testsuite> <!-- day4.DemoPractice -->
