<?xml version="1.0" encoding="UTF-8"?>
<!-- Generated by org.testng.reporters.JUnitReportReporter -->
<testsuite hostname="LAPTOP-IFFP6P5H" failures="0" tests="2" name="day3.OpenSiteInDifferantWindow" time="11.797" errors="0" timestamp="2023-05-31T15:18:20 IST" skipped="0">
  <testcase classname="day3.OpenSiteInDifferantWindow" name="switchingWindow" time="7.580"/>
  <system-out/>
  <testcase classname="day3.OpenSiteInDifferantWindow" name="switchtab" time="4.217"/>
  <system-out/>
</testsuite> <!-- day3.OpenSiteInDifferantWindow -->
